{
  "RSpec": {
    "coverage": {
      "/Users/Unai/Projects/krypton/lib/beyond_api/beyond_api.rb": [
        null,
        null,
        null,
        1,
        1,
        1,
        1,
        1,
        1,
        1,
        1,
        1,
        1,
        1,
        null,
        null,
        1,
        1,
        1,
        null,
        null,
        1,
        1,
        1,
        1,
        1,
        null,
        null,
        1,
        1,
        1,
        null,
        null,
        null,
        null,
        1,
        1,
        1,
        null,
        null,
        1,
        1,
        1,
        null,
        null,
        1,
        1,
        1,
        null,
        null,
        1,
        1,
        1,
        null,
        null,
        1,
        1,
        1,
        null,
        null,
        null
      ],
      "/Users/Unai/Projects/krypton/lib/beyond_api/beyond_utils.rb": [
        null,
        null,
        null,
        1,
        1,
        13,
        13,
        null,
        13,
        null,
        null,
        1,
        21,
        null,
        17,
        null,
        3,
        null,
        1,
        null,
        null,
        null,
        1,
        2,
        2,
        2,
        2,
        null,
        null,
        null,
        null,
        null,
        null,
        null,
        null,
        null,
        null,
        null,
        null,
        null,
        null,
        null,
        null,
        null,
        null,
        null,
        null,
        null,
        null,
        null,
        null,
        null,
        null,
        null,
        null,
        null,
        null,
        null,
        null,
        null,
        null,
        null,
        null,
        null,
        null,
        null,
        null,
        null,
        null,
        null,
        null,
        null,
        null,
        null,
        null,
        null,
        null,
        null,
        null,
        null,
        null,
        null,
        null,
        null,
        null,
        null,
        null,
        null,
        null,
        null,
        null,
        null,
        null,
        null,
        null,
        null,
        null,
        null,
        null,
        null,
        null,
        null,
        null,
        null,
        null,
        null,
        null,
        null,
        null,
        null,
        null,
        null,
        null,
        null,
        null,
        null,
        null,
        null,
        null,
        null,
        null,
        null,
        null,
        null,
        null,
        null,
        null,
        null,
        null,
        null,
        null,
        null,
        null,
        null,
        null,
        null,
        null,
        null,
        null,
        null,
        null,
        null,
        null,
        null,
        null,
        null,
        null,
        null,
        null,
        null,
        null,
        null,
        null,
        null,
        null,
        null,
        null,
        null,
        null,
        null,
        null,
        null,
        null,
        null,
        null,
        null,
        null,
        null,
        null,
        null,
        null,
        null,
        null,
        null,
        null,
        null,
        null,
        null,
        null,
        null,
        null,
        null,
        null,
        null,
        null,
        null,
        null,
        null,
        null,
        null,
        null,
        null,
        null,
        null,
        null,
        null,
        null,
        null,
        null,
        null,
        null,
        null,
        null,
        null,
        null,
        null,
        null,
        null,
        null,
        null,
        null,
        null,
        null,
        null,
        null,
        null,
        null,
        null,
        null,
        null,
        null,
        null,
        null,
        null,
        null,
        null,
        null,
        1,
        466,
        1956,
        1956,
        1956,
        null,
        97,
        null,
        15,
        null,
        1844,
        null,
        null,
        null,
        null,
        1,
        2595,
        null,
        2595,
        null,
        null,
        1,
        20,
        null,
        null
      ],
      "/Users/Unai/Projects/krypton/lib/beyond_api/beyond_pagination.rb": [
        null,
        null,
        null,
        1,
        1,
        1,
        null,
        1,
        20,
        null,
        null
      ],
      "/Users/Unai/Projects/krypton/lib/beyond_api/beyond_connection.rb": [
        null,
        null,
        null,
        1,
        1,
        null,
        1,
        6,
        null,
        null,
        1,
        6,
        6,
        6,
        null,
        6,
        6,
        6,
        null,
        null,
        null,
        1,
        1,
        6,
        null,
        null,
        null,
        null,
        null,
        null,
        1,
        6,
        null,
        null,
        null,
        null,
        1,
        6,
        6,
        6,
        6,
        6,
        6,
        null,
        null,
        null
      ],
      "/Users/Unai/Projects/krypton/lib/beyond_api/beyond_request.rb": [
        null,
        null,
        null,
        1,
        1,
        null,
        1,
        15,
        15,
        15,
        15,
        15,
        null,
        null,
        1,
        12,
        12,
        6,
        null,
        null,
        1,
        1,
        12,
        12,
        null,
        1,
        null,
        1,
        null,
        12,
        null,
        null,
        null,
        1,
        4,
        null,
        null,
        1,
        6,
        null,
        null,
        1,
        12,
        12,
        12,
        12,
        null,
        null,
        1,
        1,
        1,
        null,
        null,
        1,
        1,
        1,
        1,
        1,
        1,
        null,
        null,
        1,
        1,
        1,
        null,
        null,
        null,
        1,
        4,
        4,
        4,
        4,
        null,
        null,
        null,
        1,
        1,
        1,
        1,
        null,
        null,
        null,
        1,
        4,
        4,
        4,
        4,
        null,
        null,
        1,
        3,
        null,
        1,
        null,
        1,
        null,
        1,
        null,
        null,
        null,
        1,
        9,
        4,
        null,
        null
      ],
      "/Users/Unai/Projects/krypton/lib/beyond_api/beyond_token.rb": [
        null,
        null,
        1,
        null,
        null,
        1,
        1,
        null,
        1,
        null,
        1,
        6,
        6,
        null,
        null,
        1,
        1,
        6,
        null,
        6,
        6,
        6,
        null,
        null
      ],
      "/Users/Unai/Projects/krypton/lib/beyond_api/beyond_links.rb": [
        null,
        null,
        null,
        1,
        1,
        null,
        1,
        null,
        1,
        101,
        471,
        101,
        null,
        null,
        1,
        1,
        370,
        370,
        null,
        null
      ],
      "/Users/Unai/Projects/krypton/lib/beyond_api/beyond_hostname.rb": [
        null,
        null,
        null,
        1,
        1,
        null,
        1,
        null,
        1,
        161,
        null,
        null
      ],
      "/Users/Unai/Projects/krypton/lib/beyond_api/beyond_site.rb": [
        null,
        null,
        null,
        1,
        1,
        null,
        1,
        null,
        null,
        1,
        84,
        84,
        84,
        84,
        null,
        null,
        1,
        1,
        null,
        null,
        1,
        1,
        null,
        null
      ],
      "/Users/Unai/Projects/krypton/lib/beyond_api/beyond_site_attributes.rb": [
        null,
        null,
        null,
        1,
        1,
        null,
        1,
        null,
        1,
        81,
        81,
        null,
        null,
        1,
        1,
        255,
        255,
        null,
        null,
        1,
        1,
        null,
        null,
        1,
        81,
        255,
        255,
        255,
        null,
        81,
        null,
        null,
        1,
        255,
        255,
        null,
        null
      ],
      "/Users/Unai/Projects/krypton/lib/beyond_api/beyond_site_features.rb": [
        null,
        null,
        null,
        1,
        1,
        null,
        1,
        null,
        1,
        3,
        3,
        3,
        15,
        null,
        null,
        1,
        1,
        13,
        13,
        null,
        null
      ],
      "/Users/Unai/Projects/krypton/lib/beyond_api/beyond_sites.rb": [
        null,
        null,
        null,
        1,
        1,
        null,
        1,
        4,
        4,
        4,
        null,
        4,
        80,
        80,
        null,
        null,
        null
      ],
      "/Users/Unai/Projects/krypton/app/models/user.rb": [
        null,
        null,
        1,
        null,
        null,
        1,
        null,
        1,
        null,
        1,
        1,
        null,
        1,
        null
      ],
      "/Users/Unai/Projects/krypton/app/models/application_record.rb": [
        null,
        null,
        1,
        1,
        null
      ],
      "/Users/Unai/Projects/krypton/app/validators/user_validator.rb": [
        null,
        null,
        null,
        1,
        1,
        9,
        null,
        4,
        null,
        5,
        null,
        null,
        null
      ],
      "/Users/Unai/Projects/krypton/app/helpers/application_helper.rb": [
        null,
        null,
        1,
        1,
        2,
        null,
        2,
        1,
        null,
        1,
        null,
        null,
        null,
        1,
        5,
        null,
        null
      ],
      "/Users/Unai/Projects/krypton/app/controllers/application_controller.rb": [
        null,
        null,
        null,
        1,
        1,
        1,
        1,
        1,
        null,
        1,
        2,
        null,
        null,
        1,
        null,
        1,
        2,
        1,
        null,
        1,
        null,
        null,
        null
      ],
      "/Users/Unai/Projects/krypton/app/controllers/shops_controller.rb": [
        null,
        null,
        null,
        1,
        1,
        null,
        1,
        1,
        null,
        null,
        null,
        null,
        1,
        null,
        null,
        1,
        0,
        null,
        null,
        1,
        0,
        0,
        null,
        null,
        1,
        0,
        0,
        null,
        null,
        1,
        1,
        1,
        null,
        null,
        1,
        0,
        null,
        null,
        null,
        null
      ],
      "/Users/Unai/Projects/krypton/app/jobs/application_job.rb": [
        null,
        null,
        1,
        null
      ],
      "/Users/Unai/Projects/krypton/app/mailers/application_mailer.rb": [
        null,
        null,
        1,
        1,
        1,
        null
      ],
      "/Users/Unai/Projects/krypton/app/models/business_unit.rb": [
        null,
        null,
        1,
        1,
        1,
        1,
        null,
        1,
        null
      ],
      "/Users/Unai/Projects/krypton/app/models/category.rb": [
        null,
        null,
        1,
        1,
        null,
        1,
        null
      ],
      "/Users/Unai/Projects/krypton/app/models/feature.rb": [
        null,
        null,
        1,
        1,
        1,
        null,
        1,
        null
      ],
      "/Users/Unai/Projects/krypton/app/models/feature_translation.rb": [
        null,
        null,
        1,
        1,
        null,
        1,
        1,
        null
      ],
      "/Users/Unai/Projects/krypton/app/models/location.rb": [
        null,
        null,
        1,
        1,
        1,
        null,
        1,
        1,
        null
      ],
      "/Users/Unai/Projects/krypton/app/models/package.rb": [
        null,
        null,
        1,
        1,
        1,
        1,
        1,
        null,
        1,
        1,
        null
      ],
      "/Users/Unai/Projects/krypton/app/models/reseller.rb": [
        null,
        null,
        1,
        1,
        1,
        null,
        1,
        1,
        null
      ],
      "/Users/Unai/Projects/krypton/app/models/shop.rb": [
        null,
        null,
        1,
        1,
        1,
        null,
        1,
        null
      ],
      "/Users/Unai/Projects/krypton/app/channels/application_cable/connection.rb": [
        null,
        null,
        null,
        null,
        null
      ],
      "/Users/Unai/Projects/krypton/app/channels/application_cable/channel.rb": [
        null,
        null,
        null,
        null,
        null
      ]
    },
    "timestamp": 1521020967
  }
}
